# JRE version: OpenJDK Runtime Environment (8.0_242) (build 1.8.0_242-release-1644-b3-6222593)
# Java VM: OpenJDK 64-Bit Server VM (25.242-b3-6222593 mixed mode linux-amd64 compressed oops)
Heap:
 PSYoungGen      total 569344K, used 0K [0x00000000d5580000, 0x0000000100000000, 0x0000000100000000)
  eden space 457216K, 0% used [0x00000000d5580000,0x00000000d5580000,0x00000000f1400000)
  from space 112128K, 0% used [0x00000000f9280000,0x00000000f9280000,0x0000000100000000)
  to   space 120832K, 0% used [0x00000000f1400000,0x00000000f1400000,0x00000000f8a00000)
 ParOldGen       total 325632K, used 217744K [0x0000000080000000, 0x0000000093e00000, 0x00000000d5580000)
  object space 325632K, 66% used [0x0000000080000000,0x000000008d4a4190,0x0000000093e00000)
 Metaspace       used 85182K, capacity 89184K, committed 89512K, reserved 1126400K
  class space    used 11348K, capacity 12122K, committed 12208K, reserved 1048576K
GC Heap History (10 events):
Event: 18.421 GC heap after
Heap after GC invocations=18 (full 4):
 PSYoungGen      total 369664K, used 11090K [0x00000000d5580000, 0x00000000f5880000, 0x0000000100000000)
  eden space 326144K, 0% used [0x00000000d5580000,0x00000000d5580000,0x00000000e9400000)
  from space 43520K, 25% used [0x00000000ee400000,0x00000000eeed4948,0x00000000f0e80000)
  to   space 81920K, 0% used [0x00000000e9400000,0x00000000e9400000,0x00000000ee400000)
 ParOldGen       total 325632K, used 165814K [0x0000000080000000, 0x0000000093e00000, 0x00000000d5580000)
  object space 325632K, 50% used [0x0000000080000000,0x000000008a1ed840,0x0000000093e00000)
 Metaspace       used 67717K, capacity 70610K, committed 70952K, reserved 1110016K
  class space    used 9358K, capacity 9941K, committed 10032K, reserved 1048576K
}
Event: 20.677 GC heap before
{Heap before GC invocations=19 (full 4):
 PSYoungGen      total 369664K, used 337234K [0x00000000d5580000, 0x00000000f5880000, 0x0000000100000000)
  eden space 326144K, 100% used [0x00000000d5580000,0x00000000e9400000,0x00000000e9400000)
  from space 43520K, 25% used [0x00000000ee400000,0x00000000eeed4948,0x00000000f0e80000)
  to   space 81920K, 0% used [0x00000000e9400000,0x00000000e9400000,0x00000000ee400000)
 ParOldGen       total 325632K, used 165814K [0x0000000080000000, 0x0000000093e00000, 0x00000000d5580000)
  object space 325632K, 50% used [0x0000000080000000,0x000000008a1ed840,0x0000000093e00000)
 Metaspace       used 68263K, capacity 71202K, committed 71464K, reserved 1110016K
  class space    used 9416K, capacity 10003K, committed 10032K, reserved 1048576K
Event: 20.758 GC heap after
Heap after GC invocations=19 (full 4):
 PSYoungGen      total 408064K, used 48007K [0x00000000d5580000, 0x00000000fa080000, 0x0000000100000000)
  eden space 326144K, 0% used [0x00000000d5580000,0x00000000d5580000,0x00000000e9400000)
  from space 81920K, 58% used [0x00000000e9400000,0x00000000ec2e1df0,0x00000000ee400000)
  to   space 83968K, 0% used [0x00000000f4e80000,0x00000000f4e80000,0x00000000fa080000)
 ParOldGen       total 325632K, used 176968K [0x0000000080000000, 0x0000000093e00000, 0x00000000d5580000)
  object space 325632K, 54% used [0x0000000080000000,0x000000008acd22b8,0x0000000093e00000)
 Metaspace       used 68263K, capacity 71202K, committed 71464K, reserved 1110016K
  class space    used 9416K, capacity 10003K, committed 10032K, reserved 1048576K
}
Event: 302.586 GC heap before
{Heap before GC invocations=20 (full 4):
 PSYoungGen      total 408064K, used 374151K [0x00000000d5580000, 0x00000000fa080000, 0x0000000100000000)
  eden space 326144K, 100% used [0x00000000d5580000,0x00000000e9400000,0x00000000e9400000)
  from space 81920K, 58% used [0x00000000e9400000,0x00000000ec2e1df0,0x00000000ee400000)
  to   space 83968K, 0% used [0x00000000f4e80000,0x00000000f4e80000,0x00000000fa080000)
 ParOldGen       total 325632K, used 176968K [0x0000000080000000, 0x0000000093e00000, 0x00000000d5580000)
  object space 325632K, 54% used [0x0000000080000000,0x000000008acd22b8,0x0000000093e00000)
 Metaspace       used 78784K, capacity 82432K, committed 82600K, reserved 1120256K
  class space    used 10645K, capacity 11360K, committed 11440K, reserved 1048576K
Event: 302.691 GC heap after
Heap after GC invocations=20 (full 4):
 PSYoungGen      total 483328K, used 36138K [0x00000000d5580000, 0x00000000f8d00000, 0x0000000100000000)
  eden space 419328K, 0% used [0x00000000d5580000,0x00000000d5580000,0x00000000eef00000)
  from space 64000K, 56% used [0x00000000f4e80000,0x00000000f71ca9c0,0x00000000f8d00000)
  to   space 80896K, 0% used [0x00000000eef00000,0x00000000eef00000,0x00000000f3e00000)
 ParOldGen       total 325632K, used 187736K [0x0000000080000000, 0x0000000093e00000, 0x00000000d5580000)
  object space 325632K, 57% used [0x0000000080000000,0x000000008b7560d8,0x0000000093e00000)
 Metaspace       used 78784K, capacity 82432K, committed 82600K, reserved 1120256K
  class space    used 10645K, capacity 11360K, committed 11440K, reserved 1048576K
}
Event: 307.586 GC heap before
{Heap before GC invocations=21 (full 4):
 PSYoungGen      total 483328K, used 455466K [0x00000000d5580000, 0x00000000f8d00000, 0x0000000100000000)
  eden space 419328K, 100% used [0x00000000d5580000,0x00000000eef00000,0x00000000eef00000)
  from space 64000K, 56% used [0x00000000f4e80000,0x00000000f71ca9c0,0x00000000f8d00000)
  to   space 80896K, 0% used [0x00000000eef00000,0x00000000eef00000,0x00000000f3e00000)
 ParOldGen       total 325632K, used 187736K [0x0000000080000000, 0x0000000093e00000, 0x00000000d5580000)
  object space 325632K, 57% used [0x0000000080000000,0x000000008b7560d8,0x0000000093e00000)
 Metaspace       used 84250K, capacity 88306K, committed 88488K, reserved 1126400K
  class space    used 11298K, capacity 12085K, committed 12208K, reserved 1048576K
Event: 307.771 GC heap after
Heap after GC invocations=21 (full 4):
 PSYoungGen      total 500224K, used 80891K [0x00000000d5580000, 0x0000000100000000, 0x0000000100000000)
  eden space 419328K, 0% used [0x00000000d5580000,0x00000000d5580000,0x00000000eef00000)
  from space 80896K, 99% used [0x00000000eef00000,0x00000000f3dfedc8,0x00000000f3e00000)
  to   space 112128K, 0% used [0x00000000f9280000,0x00000000f9280000,0x0000000100000000)
 ParOldGen       total 325632K, used 234845K [0x0000000080000000, 0x0000000093e00000, 0x00000000d5580000)
  object space 325632K, 72% used [0x0000000080000000,0x000000008e5575b0,0x0000000093e00000)
 Metaspace       used 84250K, capacity 88306K, committed 88488K, reserved 1126400K
  class space    used 11298K, capacity 12085K, committed 12208K, reserved 1048576K
}
Event: 310.384 GC heap before
{Heap before GC invocations=22 (full 4):
 PSYoungGen      total 500224K, used 500219K [0x00000000d5580000, 0x0000000100000000, 0x0000000100000000)
  eden space 419328K, 100% used [0x00000000d5580000,0x00000000eef00000,0x00000000eef00000)
  from space 80896K, 99% used [0x00000000eef00000,0x00000000f3dfedc8,0x00000000f3e00000)
  to   space 112128K, 0% used [0x00000000f9280000,0x00000000f9280000,0x0000000100000000)
 ParOldGen       total 325632K, used 234845K [0x0000000080000000, 0x0000000093e00000, 0x00000000d5580000)
  object space 325632K, 72% used [0x0000000080000000,0x000000008e5575b0,0x0000000093e00000)
 Metaspace       used 85225K, capacity 89272K, committed 89512K, reserved 1126400K
  class space    used 11364K, capacity 12152K, committed 12208K, reserved 1048576K
Event: 310.674 GC heap after
Heap after GC invocations=22 (full 4):
 PSYoungGen      total 569344K, used 83214K [0x00000000d5580000, 0x0000000100000000, 0x0000000100000000)
  eden space 457216K, 0% used [0x00000000d5580000,0x00000000d5580000,0x00000000f1400000)
  from space 112128K, 74% used [0x00000000f9280000,0x00000000fe3c39d0,0x0000000100000000)
  to   space 120832K, 0% used [0x00000000f1400000,0x00000000f1400000,0x00000000f8a00000)
 ParOldGen       total 325632K, used 294546K [0x0000000080000000, 0x0000000093e00000, 0x00000000d5580000)
  object space 325632K, 90% used [0x0000000080000000,0x0000000091fa4960,0x0000000093e00000)
 Metaspace       used 85225K, capacity 89272K, committed 89512K, reserved 1126400K
  class space    used 11364K, capacity 12152K, committed 12208K, reserved 1048576K
}
Event: 311.097 GC heap before
{Heap before GC invocations=23 (full 5):
 PSYoungGen      total 569344K, used 83214K [0x00000000d5580000, 0x0000000100000000, 0x0000000100000000)
  eden space 457216K, 0% used [0x00000000d5580000,0x00000000d5580000,0x00000000f1400000)
  from space 112128K, 74% used [0x00000000f9280000,0x00000000fe3c39d0,0x0000000100000000)
  to   space 120832K, 0% used [0x00000000f1400000,0x00000000f1400000,0x00000000f8a00000)
 ParOldGen       total 325632K, used 294546K [0x0000000080000000, 0x0000000093e00000, 0x00000000d5580000)
  object space 325632K, 90% used [0x0000000080000000,0x0000000091fa4960,0x0000000093e00000)
 Metaspace       used 85225K, capacity 89272K, committed 89512K, reserved 1126400K
  class space    used 11364K, capacity 12152K, committed 12208K, reserved 1048576K

