# JRE version: OpenJDK Runtime Environment (8.0_242) (build 1.8.0_242-release-1644-b3-6222593)
# Java VM: OpenJDK 64-Bit Server VM (25.242-b3-6222593 mixed mode linux-amd64 compressed oops)
Heap:
 PSYoungGen      total 428032K, used 19334K [0x00000000d5580000, 0x00000000f3e80000, 0x0000000100000000)
  eden space 403968K, 0% used [0x00000000d5580000,0x00000000d5580000,0x00000000ee000000)
  from space 24064K, 80% used [0x00000000ee000000,0x00000000ef2e1bd0,0x00000000ef780000)
  to   space 15360K, 0% used [0x00000000ef780000,0x00000000ef780000,0x00000000f0680000)
 ParOldGen       total 70144K, used 30526K [0x0000000080000000, 0x0000000084480000, 0x00000000d5580000)
  object space 70144K, 43% used [0x0000000080000000,0x0000000081dcf848,0x0000000084480000)
 Metaspace       used 57020K, capacity 59094K, committed 59160K, reserved 1099776K
  class space    used 7835K, capacity 8315K, committed 8368K, reserved 1048576K
GC Heap History (10 events):
Event: 11.327 GC heap after
Heap after GC invocations=6 (full 1):
 PSYoungGen      total 132096K, used 0K [0x00000000d5580000, 0x00000000e6680000, 0x0000000100000000)
  eden space 126976K, 0% used [0x00000000d5580000,0x00000000d5580000,0x00000000dd180000)
  from space 5120K, 0% used [0x00000000dd180000,0x00000000dd180000,0x00000000dd680000)
  to   space 12800K, 0% used [0x00000000e5a00000,0x00000000e5a00000,0x00000000e6680000)
 ParOldGen       total 51712K, used 7060K [0x0000000080000000, 0x0000000083280000, 0x00000000d5580000)
  object space 51712K, 13% used [0x0000000080000000,0x00000000806e5248,0x0000000083280000)
 Metaspace       used 20653K, capacity 21258K, committed 21296K, reserved 1067008K
  class space    used 2901K, capacity 3115K, committed 3120K, reserved 1048576K
}
Event: 15.210 GC heap before
{Heap before GC invocations=7 (full 1):
 PSYoungGen      total 132096K, used 126976K [0x00000000d5580000, 0x00000000e6680000, 0x0000000100000000)
  eden space 126976K, 100% used [0x00000000d5580000,0x00000000dd180000,0x00000000dd180000)
  from space 5120K, 0% used [0x00000000dd180000,0x00000000dd180000,0x00000000dd680000)
  to   space 12800K, 0% used [0x00000000e5a00000,0x00000000e5a00000,0x00000000e6680000)
 ParOldGen       total 51712K, used 7060K [0x0000000080000000, 0x0000000083280000, 0x00000000d5580000)
  object space 51712K, 13% used [0x0000000080000000,0x00000000806e5248,0x0000000083280000)
 Metaspace       used 32084K, capacity 32862K, committed 33072K, reserved 1077248K
  class space    used 4389K, capacity 4608K, committed 4656K, reserved 1048576K
Event: 15.231 GC heap after
Heap after GC invocations=7 (full 1):
 PSYoungGen      total 244224K, used 12780K [0x00000000d5580000, 0x00000000e6680000, 0x0000000100000000)
  eden space 231424K, 0% used [0x00000000d5580000,0x00000000d5580000,0x00000000e3780000)
  from space 12800K, 99% used [0x00000000e5a00000,0x00000000e667b1e8,0x00000000e6680000)
  to   space 15360K, 0% used [0x00000000e4880000,0x00000000e4880000,0x00000000e5780000)
 ParOldGen       total 51712K, used 7426K [0x0000000080000000, 0x0000000083280000, 0x00000000d5580000)
  object space 51712K, 14% used [0x0000000080000000,0x00000000807408b0,0x0000000083280000)
 Metaspace       used 32084K, capacity 32862K, committed 33072K, reserved 1077248K
  class space    used 4389K, capacity 4608K, committed 4656K, reserved 1048576K
}
Event: 16.809 GC heap before
{Heap before GC invocations=8 (full 1):
 PSYoungGen      total 244224K, used 68690K [0x00000000d5580000, 0x00000000e6680000, 0x0000000100000000)
  eden space 231424K, 24% used [0x00000000d5580000,0x00000000d8c19658,0x00000000e3780000)
  from space 12800K, 99% used [0x00000000e5a00000,0x00000000e667b1e8,0x00000000e6680000)
  to   space 15360K, 0% used [0x00000000e4880000,0x00000000e4880000,0x00000000e5780000)
 ParOldGen       total 51712K, used 7426K [0x0000000080000000, 0x0000000083280000, 0x00000000d5580000)
  object space 51712K, 14% used [0x0000000080000000,0x00000000807408b0,0x0000000083280000)
 Metaspace       used 34564K, capacity 35456K, committed 35496K, reserved 1079296K
  class space    used 4731K, capacity 5003K, committed 5040K, reserved 1048576K
Event: 16.818 GC heap after
Heap after GC invocations=8 (full 1):
 PSYoungGen      total 264192K, used 9625K [0x00000000d5580000, 0x00000000f0680000, 0x0000000100000000)
  eden space 248832K, 0% used [0x00000000d5580000,0x00000000d5580000,0x00000000e4880000)
  from space 15360K, 62% used [0x00000000e4880000,0x00000000e51e6598,0x00000000e5780000)
  to   space 15360K, 0% used [0x00000000ef780000,0x00000000ef780000,0x00000000f0680000)
 ParOldGen       total 51712K, used 7434K [0x0000000080000000, 0x0000000083280000, 0x00000000d5580000)
  object space 51712K, 14% used [0x0000000080000000,0x00000000807428b0,0x0000000083280000)
 Metaspace       used 34564K, capacity 35456K, committed 35496K, reserved 1079296K
  class space    used 4731K, capacity 5003K, committed 5040K, reserved 1048576K
}
Event: 16.818 GC heap before
{Heap before GC invocations=9 (full 2):
 PSYoungGen      total 264192K, used 9625K [0x00000000d5580000, 0x00000000f0680000, 0x0000000100000000)
  eden space 248832K, 0% used [0x00000000d5580000,0x00000000d5580000,0x00000000e4880000)
  from space 15360K, 62% used [0x00000000e4880000,0x00000000e51e6598,0x00000000e5780000)
  to   space 15360K, 0% used [0x00000000ef780000,0x00000000ef780000,0x00000000f0680000)
 ParOldGen       total 51712K, used 7434K [0x0000000080000000, 0x0000000083280000, 0x00000000d5580000)
  object space 51712K, 14% used [0x0000000080000000,0x00000000807428b0,0x0000000083280000)
 Metaspace       used 34564K, capacity 35456K, committed 35496K, reserved 1079296K
  class space    used 4731K, capacity 5003K, committed 5040K, reserved 1048576K
Event: 16.895 GC heap after
Heap after GC invocations=9 (full 2):
 PSYoungGen      total 264192K, used 0K [0x00000000d5580000, 0x00000000f0680000, 0x0000000100000000)
  eden space 248832K, 0% used [0x00000000d5580000,0x00000000d5580000,0x00000000e4880000)
  from space 15360K, 0% used [0x00000000e4880000,0x00000000e4880000,0x00000000e5780000)
  to   space 15360K, 0% used [0x00000000ef780000,0x00000000ef780000,0x00000000f0680000)
 ParOldGen       total 70144K, used 16091K [0x0000000080000000, 0x0000000084480000, 0x00000000d5580000)
  object space 70144K, 22% used [0x0000000080000000,0x0000000080fb6df8,0x0000000084480000)
 Metaspace       used 34564K, capacity 35456K, committed 35496K, reserved 1079296K
  class space    used 4731K, capacity 5003K, committed 5040K, reserved 1048576K
}
Event: 41.175 GC heap before
{Heap before GC invocations=10 (full 2):
 PSYoungGen      total 264192K, used 248832K [0x00000000d5580000, 0x00000000f0680000, 0x0000000100000000)
  eden space 248832K, 100% used [0x00000000d5580000,0x00000000e4880000,0x00000000e4880000)
  from space 15360K, 0% used [0x00000000e4880000,0x00000000e4880000,0x00000000e5780000)
  to   space 15360K, 0% used [0x00000000ef780000,0x00000000ef780000,0x00000000f0680000)
 ParOldGen       total 70144K, used 16091K [0x0000000080000000, 0x0000000084480000, 0x00000000d5580000)
  object space 70144K, 22% used [0x0000000080000000,0x0000000080fb6df8,0x0000000084480000)
 Metaspace       used 53765K, capacity 55722K, committed 55976K, reserved 1097728K
  class space    used 7319K, capacity 7799K, committed 7856K, reserved 1048576K
Event: 44.300 GC heap after
Heap after GC invocations=10 (full 2):
 PSYoungGen      total 419328K, used 15340K [0x00000000d5580000, 0x00000000f3e80000, 0x0000000100000000)
  eden space 403968K, 0% used [0x00000000d5580000,0x00000000d5580000,0x00000000ee000000)
  from space 15360K, 99% used [0x00000000ef780000,0x00000000f067b340,0x00000000f0680000)
  to   space 24064K, 0% used [0x00000000ee000000,0x00000000ee000000,0x00000000ef780000)
 ParOldGen       total 70144K, used 30454K [0x0000000080000000, 0x0000000084480000, 0x00000000d5580000)
  object space 70144K, 43% used [0x0000000080000000,0x0000000081dbd838,0x0000000084480000)
 Metaspace       used 53765K, capacity 55722K, committed 55976K, reserved 1097728K
  class space    used 7319K, capacity 7799K, committed 7856K, reserved 1048576K
}
Event: 94.585 GC heap before
{Heap before GC invocations=11 (full 2):
 PSYoungGen      total 419328K, used 76458K [0x00000000d5580000, 0x00000000f3e80000, 0x0000000100000000)
  eden space 403968K, 15% used [0x00000000d5580000,0x00000000d912f728,0x00000000ee000000)
  from space 15360K, 99% used [0x00000000ef780000,0x00000000f067b340,0x00000000f0680000)
  to   space 24064K, 0% used [0x00000000ee000000,0x00000000ee000000,0x00000000ef780000)
 ParOldGen       total 70144K, used 30454K [0x0000000080000000, 0x0000000084480000, 0x00000000d5580000)
  object space 70144K, 43% used [0x0000000080000000,0x0000000081dbd838,0x0000000084480000)
 Metaspace       used 57020K, capacity 59094K, committed 59160K, reserved 1099776K
  class space    used 7835K, capacity 8315K, committed 8368K, reserved 1048576K

